TN:
SF:src\contentProtection.ts
FN:22,(anonymous_0)
FN:44,(anonymous_1)
FN:64,(anonymous_2)
FN:73,(anonymous_3)
FN:88,(anonymous_4)
FN:145,(anonymous_5)
FN:154,(anonymous_6)
FN:162,(anonymous_7)
FN:172,(anonymous_8)
FN:237,(anonymous_9)
FN:240,(anonymous_10)
FN:251,(anonymous_11)
FNF:12
FNH:3
FNDA:2,(anonymous_0)
FNDA:2,(anonymous_1)
FNDA:0,(anonymous_2)
FNDA:0,(anonymous_3)
FNDA:0,(anonymous_4)
FNDA:0,(anonymous_5)
FNDA:0,(anonymous_6)
FNDA:0,(anonymous_7)
FNDA:0,(anonymous_8)
FNDA:2,(anonymous_9)
FNDA:0,(anonymous_10)
FNDA:0,(anonymous_11)
DA:2,1
DA:3,1
DA:4,1
DA:5,1
DA:15,1
DA:23,2
DA:24,2
DA:29,2
DA:32,2
DA:35,2
DA:36,2
DA:37,2
DA:45,2
DA:46,2
DA:47,2
DA:48,2
DA:49,2
DA:50,2
DA:51,2
DA:53,0
DA:55,0
DA:65,0
DA:75,0
DA:76,0
DA:80,0
DA:89,0
DA:90,0
DA:95,0
DA:97,0
DA:99,0
DA:100,0
DA:108,0
DA:109,0
DA:110,0
DA:111,0
DA:113,0
DA:115,0
DA:116,0
DA:117,0
DA:118,0
DA:119,0
DA:120,0
DA:124,0
DA:126,0
DA:127,0
DA:128,0
DA:129,0
DA:130,0
DA:131,0
DA:132,0
DA:135,0
DA:138,0
DA:146,0
DA:147,0
DA:155,0
DA:163,0
DA:173,0
DA:174,0
DA:177,0
DA:178,0
DA:179,0
DA:180,0
DA:183,0
DA:184,0
DA:186,0
DA:187,0
DA:190,0
DA:191,0
DA:192,0
DA:196,0
DA:197,0
DA:198,0
DA:200,0
DA:201,0
DA:203,0
DA:204,0
DA:208,0
DA:209,0
DA:211,0
DA:214,0
DA:215,0
DA:216,0
DA:217,0
DA:221,0
DA:229,0
DA:230,0
DA:238,2
DA:239,2
DA:240,2
DA:241,0
DA:244,2
DA:252,0
DA:253,0
DA:254,0
DA:256,0
LF:95
LH:23
BRDA:36,0,0,2
BRDA:36,0,1,0
BRDA:75,1,0,0
BRDA:75,1,1,0
BRDA:97,2,0,0
BRDA:97,2,1,0
BRDA:105,3,0,0
BRDA:105,3,1,0
BRDA:116,4,0,0
BRDA:116,4,1,0
BRDA:128,5,0,0
BRDA:128,5,1,0
BRDA:178,6,0,0
BRDA:178,6,1,0
BRDA:190,7,0,0
BRDA:190,7,1,0
BRDA:203,8,0,0
BRDA:203,8,1,0
BRDA:215,9,0,0
BRDA:215,9,1,0
BRDA:226,10,0,0
BRDA:226,10,1,0
BRF:22
BRH:1
end_of_record
TN:
SF:src\courseContentProvider.ts
FN:16,(anonymous_0)
FN:29,(anonymous_1)
FN:71,(anonymous_2)
FN:108,(anonymous_3)
FN:146,(anonymous_4)
FN:184,(anonymous_5)
FN:198,(anonymous_6)
FN:220,(anonymous_7)
FN:262,(anonymous_8)
FN:263,(anonymous_9)
FN:274,(anonymous_10)
FN:277,(anonymous_11)
FN:281,(anonymous_12)
FN:288,(anonymous_13)
FN:289,(anonymous_14)
FN:296,(anonymous_15)
FN:302,(anonymous_16)
FN:306,(anonymous_17)
FNF:18
FNH:1
FNDA:3,(anonymous_0)
FNDA:0,(anonymous_1)
FNDA:0,(anonymous_2)
FNDA:0,(anonymous_3)
FNDA:0,(anonymous_4)
FNDA:0,(anonymous_5)
FNDA:0,(anonymous_6)
FNDA:0,(anonymous_7)
FNDA:0,(anonymous_8)
FNDA:0,(anonymous_9)
FNDA:0,(anonymous_10)
FNDA:0,(anonymous_11)
FNDA:0,(anonymous_12)
FNDA:0,(anonymous_13)
FNDA:0,(anonymous_14)
FNDA:0,(anonymous_15)
FNDA:0,(anonymous_16)
FNDA:0,(anonymous_17)
DA:1,2
DA:2,2
DA:12,2
DA:17,3
DA:19,3
DA:30,0
DA:32,0
DA:33,0
DA:34,0
DA:39,0
DA:43,0
DA:44,0
DA:53,0
DA:54,0
DA:56,0
DA:57,0
DA:60,0
DA:61,0
DA:62,0
DA:72,0
DA:74,0
DA:75,0
DA:76,0
DA:80,0
DA:84,0
DA:85,0
DA:92,0
DA:93,0
DA:95,0
DA:96,0
DA:99,0
DA:100,0
DA:109,0
DA:111,0
DA:112,0
DA:113,0
DA:117,0
DA:121,0
DA:122,0
DA:129,0
DA:130,0
DA:132,0
DA:133,0
DA:136,0
DA:137,0
DA:147,0
DA:149,0
DA:150,0
DA:151,0
DA:155,0
DA:159,0
DA:160,0
DA:167,0
DA:168,0
DA:170,0
DA:171,0
DA:174,0
DA:175,0
DA:185,0
DA:187,0
DA:189,0
DA:190,0
DA:199,0
DA:201,0
DA:202,0
DA:207,0
DA:209,0
DA:210,0
DA:221,0
DA:223,0
DA:224,0
DA:225,0
DA:229,0
DA:233,0
DA:234,0
DA:242,0
DA:243,0
DA:244,0
DA:245,0
DA:246,0
DA:248,0
DA:251,0
DA:252,0
DA:263,0
DA:264,0
DA:265,0
DA:274,0
DA:275,0
DA:277,0
DA:278,0
DA:281,0
DA:282,0
DA:283,0
DA:284,0
DA:288,0
DA:289,0
DA:292,0
DA:296,0
DA:302,0
DA:303,0
DA:306,0
DA:307,0
DA:308,0
DA:311,0
DA:312,0
DA:315,0
LF:106
LH:5
BRDA:29,0,0,0
BRDA:33,1,0,0
BRDA:33,1,1,0
BRDA:53,2,0,0
BRDA:53,2,1,0
BRDA:71,3,0,0
BRDA:75,4,0,0
BRDA:75,4,1,0
BRDA:92,5,0,0
BRDA:92,5,1,0
BRDA:112,6,0,0
BRDA:112,6,1,0
BRDA:129,7,0,0
BRDA:129,7,1,0
BRDA:150,8,0,0
BRDA:150,8,1,0
BRDA:167,9,0,0
BRDA:167,9,1,0
BRDA:220,10,0,0
BRDA:224,11,0,0
BRDA:224,11,1,0
BRDA:242,12,0,0
BRDA:242,12,1,0
BRDA:245,13,0,0
BRDA:245,13,1,0
BRDA:262,14,0,0
BRDA:269,15,0,0
BRDA:269,15,1,0
BRDA:270,16,0,0
BRDA:270,16,1,0
BRDA:271,17,0,0
BRDA:271,17,1,0
BRDA:285,18,0,0
BRDA:285,18,1,0
BRDA:285,19,0,0
BRDA:285,19,1,0
BRDA:285,20,0,0
BRDA:285,20,1,0
BRDA:286,21,0,0
BRDA:286,21,1,0
BRDA:287,22,0,0
BRDA:287,22,1,0
BRDA:293,23,0,0
BRDA:293,23,1,0
BRDA:293,24,0,0
BRDA:293,24,1,0
BRDA:293,25,0,0
BRDA:293,25,1,0
BRDA:294,26,0,0
BRDA:294,26,1,0
BRDA:295,27,0,0
BRDA:295,27,1,0
BRDA:311,28,0,0
BRDA:311,28,1,0
BRF:54
BRH:0
end_of_record
TN:
SF:src\podmanEnvironmentManager.ts
FN:26,(anonymous_0)
FN:37,(anonymous_1)
FN:51,(anonymous_2)
FN:142,(anonymous_3)
FN:162,(anonymous_4)
FN:163,(anonymous_5)
FN:172,(anonymous_6)
FN:191,(anonymous_7)
FN:239,(anonymous_8)
FN:250,(anonymous_9)
FN:271,(anonymous_10)
FN:297,(anonymous_11)
FN:321,(anonymous_12)
FN:336,(anonymous_13)
FN:337,(anonymous_14)
FN:360,(anonymous_15)
FN:383,(anonymous_16)
FN:384,(anonymous_17)
FN:403,(anonymous_18)
FN:417,(anonymous_19)
FN:418,(anonymous_20)
FN:430,(anonymous_21)
FN:451,(anonymous_22)
FN:452,(anonymous_23)
FN:471,(anonymous_24)
FN:482,(anonymous_25)
FN:493,(anonymous_26)
FN:503,(anonymous_27)
FN:517,(anonymous_28)
FN:518,(anonymous_29)
FN:525,(anonymous_30)
FN:551,(anonymous_31)
FN:565,(anonymous_32)
FN:566,(anonymous_33)
FN:570,(anonymous_34)
FN:584,(anonymous_35)
FN:591,(anonymous_36)
FN:598,(anonymous_37)
FN:605,(anonymous_38)
FN:606,(anonymous_39)
FN:618,(anonymous_40)
FNF:41
FNH:1
FNDA:12,(anonymous_0)
FNDA:0,(anonymous_1)
FNDA:0,(anonymous_2)
FNDA:0,(anonymous_3)
FNDA:0,(anonymous_4)
FNDA:0,(anonymous_5)
FNDA:0,(anonymous_6)
FNDA:0,(anonymous_7)
FNDA:0,(anonymous_8)
FNDA:0,(anonymous_9)
FNDA:0,(anonymous_10)
FNDA:0,(anonymous_11)
FNDA:0,(anonymous_12)
FNDA:0,(anonymous_13)
FNDA:0,(anonymous_14)
FNDA:0,(anonymous_15)
FNDA:0,(anonymous_16)
FNDA:0,(anonymous_17)
FNDA:0,(anonymous_18)
FNDA:0,(anonymous_19)
FNDA:0,(anonymous_20)
FNDA:0,(anonymous_21)
FNDA:0,(anonymous_22)
FNDA:0,(anonymous_23)
FNDA:0,(anonymous_24)
FNDA:0,(anonymous_25)
FNDA:0,(anonymous_26)
FNDA:0,(anonymous_27)
FNDA:0,(anonymous_28)
FNDA:0,(anonymous_29)
FNDA:0,(anonymous_30)
FNDA:0,(anonymous_31)
FNDA:0,(anonymous_32)
FNDA:0,(anonymous_33)
FNDA:0,(anonymous_34)
FNDA:0,(anonymous_35)
FNDA:0,(anonymous_36)
FNDA:0,(anonymous_37)
FNDA:0,(anonymous_38)
FNDA:0,(anonymous_39)
FNDA:0,(anonymous_40)
DA:2,2
DA:3,2
DA:4,2
DA:5,2
DA:17,2
DA:19,12
DA:20,12
DA:21,12
DA:22,12
DA:24,12
DA:27,12
DA:28,12
DA:39,0
DA:53,0
DA:55,0
DA:59,0
DA:61,0
DA:65,0
DA:67,0
DA:71,0
DA:73,0
DA:77,0
DA:85,0
DA:89,0
DA:91,0
DA:95,0
DA:97,0
DA:101,0
DA:103,0
DA:107,0
DA:115,0
DA:117,0
DA:119,0
DA:123,0
DA:127,0
DA:129,0
DA:133,0
DA:143,0
DA:145,0
DA:146,0
DA:147,0
DA:148,0
DA:152,0
DA:154,0
DA:155,0
DA:163,0
DA:166,0
DA:167,0
DA:169,0
DA:172,0
DA:173,0
DA:174,0
DA:176,0
DA:178,0
DA:179,0
DA:181,0
DA:192,0
DA:195,0
DA:197,0
DA:203,0
DA:205,0
DA:211,0
DA:213,0
DA:219,0
DA:221,0
DA:222,0
DA:225,0
DA:226,0
DA:227,0
DA:228,0
DA:232,0
DA:241,0
DA:242,0
DA:244,0
DA:253,0
DA:255,0
DA:256,0
DA:259,0
DA:260,0
DA:262,0
DA:265,0
DA:272,0
DA:274,0
DA:275,0
DA:276,0
DA:277,0
DA:281,0
DA:282,0
DA:283,0
DA:284,0
DA:287,0
DA:289,0
DA:290,0
DA:298,0
DA:301,0
DA:303,0
DA:304,0
DA:306,0
DA:307,0
DA:309,0
DA:310,0
DA:312,0
DA:315,0
DA:322,0
DA:323,0
DA:324,0
DA:330,0
DA:331,0
DA:333,0
DA:336,0
DA:337,0
DA:338,0
DA:339,0
DA:341,0
DA:342,0
DA:343,0
DA:344,0
DA:346,0
DA:352,0
DA:353,0
DA:361,0
DA:362,0
DA:363,0
DA:367,0
DA:368,0
DA:370,0
DA:371,0
DA:377,0
DA:378,0
DA:380,0
DA:383,0
DA:384,0
DA:385,0
DA:386,0
DA:387,0
DA:389,0
DA:390,0
DA:395,0
DA:396,0
DA:404,0
DA:405,0
DA:406,0
DA:411,0
DA:412,0
DA:414,0
DA:417,0
DA:418,0
DA:419,0
DA:423,0
DA:431,0
DA:432,0
DA:433,0
DA:437,0
DA:438,0
DA:439,0
DA:440,0
DA:445,0
DA:446,0
DA:448,0
DA:451,0
DA:452,0
DA:453,0
DA:454,0
DA:455,0
DA:457,0
DA:462,0
DA:463,0
DA:473,0
DA:474,0
DA:484,0
DA:485,0
DA:495,0
DA:496,0
DA:504,0
DA:505,0
DA:506,0
DA:511,0
DA:512,0
DA:514,0
DA:517,0
DA:518,0
DA:519,0
DA:521,0
DA:525,0
DA:526,0
DA:527,0
DA:529,0
DA:533,0
DA:534,0
DA:535,0
DA:537,0
DA:543,0
DA:544,0
DA:552,0
DA:553,0
DA:554,0
DA:559,0
DA:560,0
DA:562,0
DA:565,0
DA:566,0
DA:567,0
DA:568,0
DA:570,0
DA:571,0
DA:576,0
DA:577,0
DA:585,0
DA:592,0
DA:599,0
DA:606,0
DA:609,0
DA:610,0
DA:612,0
DA:613,0
DA:615,0
DA:618,0
DA:619,0
DA:620,0
DA:624,0
LF:220
LH:12
BRDA:59,0,0,0
BRDA:59,0,1,0
BRDA:65,1,0,0
BRDA:65,1,1,0
BRDA:71,2,0,0
BRDA:71,2,1,0
BRDA:89,3,0,0
BRDA:89,3,1,0
BRDA:95,4,0,0
BRDA:95,4,1,0
BRDA:101,5,0,0
BRDA:101,5,1,0
BRDA:127,6,0,0
BRDA:127,6,1,0
BRDA:146,7,0,0
BRDA:146,7,1,0
BRDA:166,8,0,0
BRDA:166,8,1,0
BRDA:173,9,0,0
BRDA:173,9,1,0
BRDA:176,10,0,0
BRDA:176,10,1,0
BRDA:195,11,0,0
BRDA:195,11,1,0
BRDA:195,11,2,0
BRDA:195,11,3,0
BRDA:201,12,0,0
BRDA:201,12,1,0
BRDA:226,13,0,0
BRDA:226,13,1,0
BRDA:226,14,0,0
BRDA:226,14,1,0
BRDA:241,15,0,0
BRDA:241,15,1,0
BRDA:253,16,0,0
BRDA:253,16,1,0
BRDA:253,16,2,0
BRDA:253,16,3,0
BRDA:275,17,0,0
BRDA:275,17,1,0
BRDA:275,18,0,0
BRDA:275,18,1,0
BRDA:282,19,0,0
BRDA:282,19,1,0
BRDA:282,20,0,0
BRDA:282,20,1,0
BRDA:301,21,0,0
BRDA:301,21,1,0
BRDA:301,21,2,0
BRDA:301,21,3,0
BRDA:323,22,0,0
BRDA:323,22,1,0
BRDA:330,23,0,0
BRDA:330,23,1,0
BRDA:338,24,0,0
BRDA:338,24,1,0
BRDA:342,25,0,0
BRDA:342,25,1,0
BRDA:362,26,0,0
BRDA:362,26,1,0
BRDA:368,27,0,0
BRDA:368,27,1,0
BRDA:370,28,0,0
BRDA:370,28,1,0
BRDA:377,29,0,0
BRDA:377,29,1,0
BRDA:385,30,0,0
BRDA:385,30,1,0
BRDA:405,31,0,0
BRDA:405,31,1,0
BRDA:411,32,0,0
BRDA:411,32,1,0
BRDA:432,33,0,0
BRDA:432,33,1,0
BRDA:438,34,0,0
BRDA:438,34,1,0
BRDA:445,35,0,0
BRDA:445,35,1,0
BRDA:453,36,0,0
BRDA:453,36,1,0
BRDA:473,37,0,0
BRDA:473,37,1,0
BRDA:484,38,0,0
BRDA:484,38,1,0
BRDA:495,39,0,0
BRDA:495,39,1,0
BRDA:505,40,0,0
BRDA:505,40,1,0
BRDA:511,41,0,0
BRDA:511,41,1,0
BRDA:519,42,0,0
BRDA:519,42,1,0
BRDA:521,43,0,0
BRDA:521,43,1,0
BRDA:526,44,0,0
BRDA:526,44,1,0
BRDA:553,45,0,0
BRDA:553,45,1,0
BRDA:559,46,0,0
BRDA:559,46,1,0
BRDA:567,47,0,0
BRDA:567,47,1,0
BRDA:609,48,0,0
BRDA:609,48,1,0
BRDA:609,49,0,0
BRDA:609,49,1,0
BRDA:612,50,0,0
BRDA:612,50,1,0
BRDA:619,51,0,0
BRDA:619,51,1,0
BRF:110
BRH:0
end_of_record
TN:
SF:src\treeViewProvider.ts
FN:11,httpsRequest
FN:12,(anonymous_1)
FN:22,(anonymous_2)
FN:25,(anonymous_3)
FN:29,(anonymous_4)
FN:36,(anonymous_5)
FN:37,(anonymous_6)
FN:44,(anonymous_7)
FN:50,(anonymous_8)
FN:108,(anonymous_9)
FN:191,(anonymous_10)
FN:208,(anonymous_11)
FN:217,(anonymous_12)
FN:250,(anonymous_13)
FN:254,(anonymous_14)
FN:721,(anonymous_15)
FN:725,(anonymous_16)
FN:730,(anonymous_17)
FN:758,(anonymous_18)
FN:775,(anonymous_19)
FN:782,(anonymous_20)
FN:788,(anonymous_21)
FN:840,(anonymous_22)
FN:885,(anonymous_23)
FN:890,(anonymous_24)
FN:906,(anonymous_25)
FN:920,(anonymous_26)
FN:928,(anonymous_27)
FN:939,(anonymous_28)
FN:976,(anonymous_29)
FN:990,(anonymous_30)
FN:1004,(anonymous_31)
FN:1015,(anonymous_32)
FN:1027,(anonymous_33)
FN:1036,(anonymous_34)
FN:1054,(anonymous_35)
FN:1063,(anonymous_36)
FN:1075,(anonymous_37)
FN:1103,(anonymous_38)
FN:1105,(anonymous_39)
FN:1128,(anonymous_40)
FN:1157,(anonymous_41)
FN:1234,(anonymous_42)
FN:1258,(anonymous_43)
FN:1419,(anonymous_44)
FN:1431,(anonymous_45)
FN:1460,(anonymous_46)
FN:1478,(anonymous_47)
FN:1493,(anonymous_48)
FN:1532,(anonymous_49)
FN:1539,(anonymous_50)
FN:1559,(anonymous_51)
FN:1601,(anonymous_52)
FNF:53
FNH:8
FNDA:0,httpsRequest
FNDA:0,(anonymous_1)
FNDA:0,(anonymous_2)
FNDA:0,(anonymous_3)
FNDA:0,(anonymous_4)
FNDA:0,(anonymous_5)
FNDA:0,(anonymous_6)
FNDA:0,(anonymous_7)
FNDA:0,(anonymous_8)
FNDA:1,(anonymous_9)
FNDA:1,(anonymous_10)
FNDA:0,(anonymous_11)
FNDA:0,(anonymous_12)
FNDA:0,(anonymous_13)
FNDA:0,(anonymous_14)
FNDA:1,(anonymous_15)
FNDA:0,(anonymous_16)
FNDA:1,(anonymous_17)
FNDA:1,(anonymous_18)
FNDA:0,(anonymous_19)
FNDA:1,(anonymous_20)
FNDA:1,(anonymous_21)
FNDA:1,(anonymous_22)
FNDA:0,(anonymous_23)
FNDA:0,(anonymous_24)
FNDA:0,(anonymous_25)
FNDA:0,(anonymous_26)
FNDA:0,(anonymous_27)
FNDA:0,(anonymous_28)
FNDA:0,(anonymous_29)
FNDA:0,(anonymous_30)
FNDA:0,(anonymous_31)
FNDA:0,(anonymous_32)
FNDA:0,(anonymous_33)
FNDA:0,(anonymous_34)
FNDA:0,(anonymous_35)
FNDA:0,(anonymous_36)
FNDA:0,(anonymous_37)
FNDA:0,(anonymous_38)
FNDA:0,(anonymous_39)
FNDA:0,(anonymous_40)
FNDA:0,(anonymous_41)
FNDA:0,(anonymous_42)
FNDA:0,(anonymous_43)
FNDA:0,(anonymous_44)
FNDA:0,(anonymous_45)
FNDA:0,(anonymous_46)
FNDA:0,(anonymous_47)
FNDA:0,(anonymous_48)
FNDA:0,(anonymous_49)
FNDA:0,(anonymous_50)
FNDA:0,(anonymous_51)
FNDA:0,(anonymous_52)
DA:1,1
DA:2,1
DA:3,1
DA:4,1
DA:5,1
DA:7,1
DA:12,0
DA:13,0
DA:14,0
DA:22,0
DA:23,0
DA:25,0
DA:26,0
DA:29,0
DA:30,0
DA:31,0
DA:32,0
DA:36,0
DA:37,0
DA:40,0
DA:44,0
DA:50,0
DA:51,0
DA:54,0
DA:55,0
DA:58,0
DA:107,1
DA:109,1
DA:110,1
DA:111,1
DA:112,1
DA:113,1
DA:114,1
DA:116,1
DA:118,1
DA:120,1
DA:123,1
DA:124,0
DA:132,1
DA:134,1
DA:135,1
DA:137,0
DA:138,0
DA:140,0
DA:141,0
DA:143,0
DA:144,0
DA:146,0
DA:147,0
DA:149,0
DA:150,0
DA:154,1
DA:155,0
DA:157,1
DA:159,1
DA:160,1
DA:162,0
DA:163,0
DA:165,0
DA:166,0
DA:168,0
DA:169,0
DA:171,0
DA:172,0
DA:174,0
DA:180,1
DA:181,1
DA:182,1
DA:186,1
DA:187,1
DA:188,1
DA:191,1
DA:192,1
DA:193,1
DA:195,1
DA:197,1
DA:198,1
DA:209,0
DA:210,0
DA:211,0
DA:218,0
DA:220,0
DA:221,0
DA:223,0
DA:229,0
DA:231,0
DA:232,0
DA:234,0
DA:235,0
DA:236,0
DA:237,0
DA:239,0
DA:241,0
DA:243,0
DA:244,0
DA:246,0
DA:251,0
DA:255,0
DA:258,0
DA:260,0
DA:262,0
DA:266,0
DA:386,0
DA:392,0
DA:394,0
DA:400,0
DA:472,0
DA:528,0
DA:530,0
DA:536,0
DA:538,0
DA:544,0
DA:546,0
DA:552,0
DA:578,0
DA:580,0
DA:584,0
DA:588,0
DA:598,0
DA:599,0
DA:602,0
DA:613,0
DA:623,0
DA:624,0
DA:626,0
DA:634,0
DA:638,0
DA:646,0
DA:650,0
DA:659,0
DA:664,0
DA:666,0
DA:674,0
DA:676,0
DA:677,0
DA:679,0
DA:680,0
DA:682,0
DA:683,0
DA:685,0
DA:695,0
DA:698,0
DA:699,0
DA:700,0
DA:701,0
DA:703,0
DA:715,0
DA:724,1
DA:725,0
DA:727,0
DA:731,1
DA:733,1
DA:734,0
DA:735,0
DA:739,0
DA:740,0
DA:741,0
DA:743,0
DA:744,0
DA:746,0
DA:749,0
DA:752,1
DA:754,1
DA:759,1
DA:761,1
DA:762,1
DA:763,0
DA:766,1
DA:769,0
DA:771,0
DA:779,0
DA:785,1
DA:790,1
DA:842,1
DA:886,0
DA:887,0
DA:890,0
DA:891,0
DA:892,0
DA:893,0
DA:903,0
DA:908,0
DA:921,0
DA:923,0
DA:924,0
DA:928,0
DA:930,0
DA:931,0
DA:935,0
DA:937,0
DA:939,0
DA:940,0
DA:951,0
DA:953,0
DA:965,0
DA:973,0
DA:978,0
DA:979,0
DA:980,0
DA:983,0
DA:985,0
DA:991,0
DA:993,0
DA:996,0
DA:997,0
DA:999,0
DA:1005,0
DA:1007,0
DA:1010,0
DA:1013,0
DA:1015,0
DA:1016,0
DA:1017,0
DA:1020,0
DA:1024,0
DA:1029,0
DA:1030,0
DA:1031,0
DA:1034,0
DA:1036,0
DA:1037,0
DA:1038,0
DA:1041,0
DA:1049,0
DA:1056,0
DA:1057,0
DA:1058,0
DA:1061,0
DA:1063,0
DA:1064,0
DA:1065,0
DA:1068,0
DA:1072,0
DA:1077,0
DA:1078,0
DA:1079,0
DA:1082,0
DA:1084,0
DA:1085,0
DA:1089,0
DA:1105,0
DA:1106,0
DA:1107,0
DA:1111,0
DA:1112,0
DA:1113,0
DA:1117,0
DA:1129,0
DA:1133,0
DA:1135,0
DA:1137,0
DA:1144,0
DA:1146,0
DA:1147,0
DA:1148,0
DA:1158,0
DA:1160,0
DA:1161,0
DA:1162,0
DA:1163,0
DA:1165,0
DA:1169,0
DA:1172,0
DA:1173,0
DA:1175,0
DA:1176,0
DA:1179,0
DA:1181,0
DA:1182,0
DA:1186,0
DA:1187,0
DA:1188,0
DA:1191,0
DA:1196,0
DA:1197,0
DA:1198,0
DA:1199,0
DA:1204,0
DA:1205,0
DA:1207,0
DA:1211,0
DA:1213,0
DA:1215,0
DA:1216,0
DA:1219,0
DA:1221,0
DA:1222,0
DA:1224,0
DA:1225,0
DA:1227,0
DA:1228,0
DA:1231,0
DA:1234,0
DA:1235,0
DA:1239,0
DA:1245,0
DA:1248,0
DA:1249,0
DA:1251,0
DA:1261,0
DA:1262,0
DA:1263,0
DA:1265,0
DA:1266,0
DA:1272,0
DA:1273,0
DA:1274,0
DA:1275,0
DA:1281,0
DA:1282,0
DA:1287,0
DA:1288,0
DA:1289,0
DA:1292,0
DA:1304,0
DA:1305,0
DA:1306,0
DA:1307,0
DA:1311,0
DA:1312,0
DA:1313,0
DA:1314,0
DA:1315,0
DA:1319,0
DA:1321,0
DA:1322,0
DA:1323,0
DA:1326,0
DA:1330,0
DA:1331,0
DA:1332,0
DA:1333,0
DA:1334,0
DA:1336,0
DA:1339,0
DA:1340,0
DA:1341,0
DA:1344,0
DA:1351,0
DA:1353,0
DA:1354,0
DA:1355,0
DA:1357,0
DA:1361,0
DA:1362,0
DA:1363,0
DA:1364,0
DA:1365,0
DA:1366,0
DA:1369,0
DA:1370,0
DA:1371,0
DA:1373,0
DA:1377,0
DA:1380,0
DA:1382,0
DA:1389,0
DA:1390,0
DA:1391,0
DA:1392,0
DA:1394,0
DA:1397,0
DA:1398,0
DA:1399,0
DA:1403,0
DA:1404,0
DA:1406,0
DA:1407,0
DA:1409,0
DA:1410,0
DA:1412,0
DA:1413,0
DA:1416,0
DA:1419,0
DA:1420,0
DA:1423,0
DA:1433,0
DA:1436,0
DA:1437,0
DA:1444,0
DA:1445,0
DA:1447,0
DA:1450,0
DA:1454,0
DA:1461,0
DA:1468,0
DA:1469,0
DA:1470,0
DA:1471,0
DA:1480,0
DA:1482,0
DA:1484,0
DA:1495,0
DA:1499,0
DA:1505,0
DA:1509,0
DA:1515,0
DA:1519,0
DA:1523,0
DA:1533,0
DA:1540,0
DA:1543,0
DA:1544,0
DA:1547,0
DA:1548,0
DA:1563,0
DA:1579,0
DA:1581,0
DA:1585,0
DA:1587,0
DA:1593,0
DA:1603,0
DA:1607,0
LF:413
LH:48
BRDA:11,0,0,0
BRDA:18,1,0,0
BRDA:18,1,1,0
BRDA:19,2,0,0
BRDA:19,2,1,0
BRDA:33,3,0,0
BRDA:33,3,1,0
BRDA:33,4,0,0
BRDA:33,4,1,0
BRDA:33,5,0,0
BRDA:33,5,1,0
BRDA:34,6,0,0
BRDA:34,6,1,0
BRDA:35,7,0,0
BRDA:35,7,1,0
BRDA:41,8,0,0
BRDA:41,8,1,0
BRDA:41,9,0,0
BRDA:41,9,1,0
BRDA:41,10,0,0
BRDA:41,10,1,0
BRDA:42,11,0,0
BRDA:42,11,1,0
BRDA:43,12,0,0
BRDA:43,12,1,0
BRDA:54,13,0,0
BRDA:54,13,1,0
BRDA:112,14,0,0
BRDA:113,15,0,0
BRDA:114,16,0,0
BRDA:123,17,0,0
BRDA:123,17,1,1
BRDA:123,18,0,1
BRDA:123,18,1,1
BRDA:132,19,0,1
BRDA:132,19,1,0
BRDA:132,19,2,0
BRDA:132,19,3,0
BRDA:132,19,4,0
BRDA:132,19,5,0
BRDA:154,20,0,0
BRDA:154,20,1,1
BRDA:157,21,0,1
BRDA:157,21,1,0
BRDA:157,21,2,0
BRDA:157,21,3,0
BRDA:157,21,4,0
BRDA:157,21,5,0
BRDA:218,22,0,0
BRDA:218,22,1,0
BRDA:221,23,0,0
BRDA:221,23,1,0
BRDA:229,24,0,0
BRDA:229,24,1,0
BRDA:235,25,0,0
BRDA:235,25,1,0
BRDA:241,26,0,0
BRDA:241,26,1,0
BRDA:244,27,0,0
BRDA:244,27,1,0
BRDA:258,28,0,0
BRDA:258,28,1,0
BRDA:262,29,0,0
BRDA:262,29,1,0
BRDA:386,30,0,0
BRDA:386,30,1,0
BRDA:386,30,2,0
BRDA:386,30,3,0
BRDA:386,30,4,0
BRDA:386,30,5,0
BRDA:386,30,6,0
BRDA:580,31,0,0
BRDA:580,31,1,0
BRDA:624,32,0,0
BRDA:624,32,1,0
BRDA:664,33,0,0
BRDA:664,33,1,0
BRDA:674,34,0,0
BRDA:674,34,1,0
BRDA:677,35,0,0
BRDA:677,35,1,0
BRDA:680,36,0,0
BRDA:680,36,1,0
BRDA:683,37,0,0
BRDA:683,37,1,0
BRDA:695,38,0,0
BRDA:695,38,1,0
BRDA:701,39,0,0
BRDA:701,39,1,0
BRDA:724,40,0,1
BRDA:724,40,1,0
BRDA:734,41,0,0
BRDA:734,41,1,0
BRDA:740,42,0,0
BRDA:740,42,1,0
BRDA:744,43,0,0
BRDA:744,43,1,0
BRDA:762,44,0,0
BRDA:762,44,1,1
BRDA:886,45,0,0
BRDA:886,45,1,0
BRDA:891,46,0,0
BRDA:891,46,1,0
BRDA:892,47,0,0
BRDA:892,47,1,0
BRDA:895,48,0,0
BRDA:895,48,1,0
BRDA:895,49,0,0
BRDA:895,49,1,0
BRDA:897,50,0,0
BRDA:897,50,1,0
BRDA:923,51,0,0
BRDA:923,51,1,0
BRDA:930,52,0,0
BRDA:930,52,1,0
BRDA:937,53,0,0
BRDA:937,53,1,0
BRDA:937,54,0,0
BRDA:937,54,1,0
BRDA:944,55,0,0
BRDA:944,55,1,0
BRDA:951,56,0,0
BRDA:951,56,1,0
BRDA:978,57,0,0
BRDA:978,57,1,0
BRDA:983,58,0,0
BRDA:983,58,1,0
BRDA:983,59,0,0
BRDA:983,59,1,0
BRDA:991,60,0,0
BRDA:991,60,1,0
BRDA:997,61,0,0
BRDA:997,61,1,0
BRDA:997,62,0,0
BRDA:997,62,1,0
BRDA:1005,63,0,0
BRDA:1005,63,1,0
BRDA:1013,64,0,0
BRDA:1013,64,1,0
BRDA:1016,65,0,0
BRDA:1016,65,1,0
BRDA:1029,66,0,0
BRDA:1029,66,1,0
BRDA:1034,67,0,0
BRDA:1034,67,1,0
BRDA:1037,68,0,0
BRDA:1037,68,1,0
BRDA:1056,69,0,0
BRDA:1056,69,1,0
BRDA:1061,70,0,0
BRDA:1061,70,1,0
BRDA:1064,71,0,0
BRDA:1064,71,1,0
BRDA:1077,72,0,0
BRDA:1077,72,1,0
BRDA:1082,73,0,0
BRDA:1082,73,1,0
BRDA:1106,74,0,0
BRDA:1106,74,1,0
BRDA:1111,75,0,0
BRDA:1111,75,1,0
BRDA:1135,76,0,0
BRDA:1135,76,1,0
BRDA:1160,77,0,0
BRDA:1160,77,1,0
BRDA:1162,78,0,0
BRDA:1162,78,1,0
BRDA:1179,79,0,0
BRDA:1179,79,1,0
BRDA:1197,80,0,0
BRDA:1197,80,1,0
BRDA:1204,81,0,0
BRDA:1204,81,1,0
BRDA:1213,82,0,0
BRDA:1213,82,1,0
BRDA:1222,83,0,0
BRDA:1222,83,1,0
BRDA:1263,84,0,0
BRDA:1263,84,1,0
BRDA:1263,85,0,0
BRDA:1263,85,1,0
BRDA:1273,86,0,0
BRDA:1273,86,1,0
BRDA:1281,87,0,0
BRDA:1281,87,1,0
BRDA:1305,88,0,0
BRDA:1305,88,1,0
BRDA:1319,89,0,0
BRDA:1319,89,1,0
BRDA:1322,90,0,0
BRDA:1322,90,1,0
BRDA:1330,91,0,0
BRDA:1330,91,1,0
BRDA:1332,92,0,0
BRDA:1332,92,1,0
BRDA:1334,93,0,0
BRDA:1334,93,1,0
BRDA:1340,94,0,0
BRDA:1340,94,1,0
BRDA:1351,95,0,0
BRDA:1351,95,1,0
BRDA:1354,96,0,0
BRDA:1354,96,1,0
BRDA:1361,97,0,0
BRDA:1361,97,1,0
BRDA:1363,98,0,0
BRDA:1363,98,1,0
BRDA:1365,99,0,0
BRDA:1365,99,1,0
BRDA:1370,100,0,0
BRDA:1370,100,1,0
BRDA:1380,101,0,0
BRDA:1380,101,1,0
BRDA:1390,102,0,0
BRDA:1390,102,1,0
BRDA:1407,103,0,0
BRDA:1407,103,1,0
BRDA:1436,104,0,0
BRDA:1436,104,1,0
BRDA:1444,105,0,0
BRDA:1444,105,1,0
BRDA:1444,106,0,0
BRDA:1444,106,1,0
BRDA:1468,107,0,0
BRDA:1468,107,1,0
BRDA:1468,108,0,0
BRDA:1468,108,1,0
BRDA:1495,109,0,0
BRDA:1495,109,1,0
BRDA:1495,109,2,0
BRDA:1495,109,3,0
BRDA:1495,109,4,0
BRDA:1495,109,5,0
BRDA:1540,110,0,0
BRDA:1540,110,1,0
BRDA:1573,111,0,0
BRDA:1573,111,1,0
BRDA:1579,112,0,0
BRDA:1579,112,1,0
BRDA:1579,113,0,0
BRDA:1579,113,1,0
BRDA:1603,114,0,0
BRDA:1603,114,1,0
BRF:243
BRH:8
end_of_record
