TN:
SF:src\contentProtection.ts
FN:16,(anonymous_0)
FN:35,(anonymous_1)
FN:55,(anonymous_2)
FN:64,(anonymous_3)
FN:79,(anonymous_4)
FN:101,(anonymous_5)
FN:110,(anonymous_6)
FN:118,(anonymous_7)
FN:127,(anonymous_8)
FN:192,(anonymous_9)
FN:195,(anonymous_10)
FN:206,(anonymous_11)
FNF:12
FNH:3
FNDA:2,(anonymous_0)
FNDA:2,(anonymous_1)
FNDA:0,(anonymous_2)
FNDA:0,(anonymous_3)
FNDA:0,(anonymous_4)
FNDA:0,(anonymous_5)
FNDA:0,(anonymous_6)
FNDA:0,(anonymous_7)
FNDA:0,(anonymous_8)
FNDA:2,(anonymous_9)
FNDA:0,(anonymous_10)
FNDA:0,(anonymous_11)
DA:2,1
DA:3,1
DA:4,1
DA:10,1
DA:17,2
DA:18,2
DA:23,2
DA:26,2
DA:27,2
DA:28,2
DA:36,2
DA:37,2
DA:38,2
DA:39,2
DA:40,2
DA:41,2
DA:42,2
DA:44,0
DA:46,0
DA:56,0
DA:66,0
DA:67,0
DA:71,0
DA:80,0
DA:81,0
DA:82,0
DA:83,0
DA:84,0
DA:85,0
DA:86,0
DA:87,0
DA:89,0
DA:92,0
DA:94,0
DA:102,0
DA:103,0
DA:111,0
DA:119,0
DA:128,0
DA:129,0
DA:132,0
DA:133,0
DA:134,0
DA:135,0
DA:138,0
DA:139,0
DA:141,0
DA:142,0
DA:145,0
DA:146,0
DA:147,0
DA:151,0
DA:152,0
DA:153,0
DA:155,0
DA:156,0
DA:158,0
DA:159,0
DA:163,0
DA:164,0
DA:166,0
DA:169,0
DA:170,0
DA:171,0
DA:172,0
DA:176,0
DA:184,0
DA:185,0
DA:193,2
DA:194,2
DA:195,2
DA:196,0
DA:199,2
DA:207,0
DA:208,0
DA:209,0
DA:211,0
LF:77
LH:21
BRDA:27,0,0,2
BRDA:27,0,1,0
BRDA:66,1,0,0
BRDA:66,1,1,0
BRDA:83,2,0,0
BRDA:83,2,1,0
BRDA:133,3,0,0
BRDA:133,3,1,0
BRDA:145,4,0,0
BRDA:145,4,1,0
BRDA:158,5,0,0
BRDA:158,5,1,0
BRDA:170,6,0,0
BRDA:170,6,1,0
BRDA:181,7,0,0
BRDA:181,7,1,0
BRF:16
BRH:1
end_of_record
TN:
SF:src\giteeContentDelivery.ts
FN:9,httpsRequest
FN:10,(anonymous_1)
FN:20,(anonymous_2)
FN:23,(anonymous_3)
FN:27,(anonymous_4)
FN:34,(anonymous_5)
FN:35,(anonymous_6)
FN:42,(anonymous_7)
FN:48,(anonymous_8)
FN:68,(anonymous_9)
FN:81,(anonymous_10)
FN:133,(anonymous_11)
FN:185,(anonymous_12)
FN:246,(anonymous_13)
FN:258,(anonymous_14)
FN:283,(anonymous_15)
FN:293,(anonymous_16)
FNF:17
FNH:5
FNDA:0,httpsRequest
FNDA:0,(anonymous_1)
FNDA:0,(anonymous_2)
FNDA:0,(anonymous_3)
FNDA:0,(anonymous_4)
FNDA:0,(anonymous_5)
FNDA:0,(anonymous_6)
FNDA:0,(anonymous_7)
FNDA:0,(anonymous_8)
FNDA:3,(anonymous_9)
FNDA:0,(anonymous_10)
FNDA:0,(anonymous_11)
FNDA:0,(anonymous_12)
FNDA:1,(anonymous_13)
FNDA:1,(anonymous_14)
FNDA:1,(anonymous_15)
FNDA:4,(anonymous_16)
DA:1,1
DA:2,1
DA:3,1
DA:5,1
DA:10,0
DA:11,0
DA:12,0
DA:20,0
DA:21,0
DA:23,0
DA:24,0
DA:27,0
DA:28,0
DA:29,0
DA:30,0
DA:34,0
DA:35,0
DA:38,0
DA:42,0
DA:48,0
DA:49,0
DA:52,0
DA:53,0
DA:56,0
DA:64,1
DA:69,3
DA:72,3
DA:82,0
DA:84,0
DA:85,0
DA:86,0
DA:90,0
DA:91,0
DA:92,0
DA:93,0
DA:97,0
DA:100,0
DA:102,0
DA:109,0
DA:110,0
DA:111,0
DA:114,0
DA:116,0
DA:118,0
DA:121,0
DA:122,0
DA:125,0
DA:134,0
DA:136,0
DA:137,0
DA:141,0
DA:144,0
DA:146,0
DA:153,0
DA:154,0
DA:155,0
DA:156,0
DA:157,0
DA:158,0
DA:160,0
DA:164,0
DA:166,0
DA:172,0
DA:174,0
DA:177,0
DA:186,0
DA:188,0
DA:189,0
DA:192,0
DA:195,0
DA:206,0
DA:207,0
DA:214,0
DA:215,0
DA:216,0
DA:217,0
DA:218,0
DA:226,0
DA:238,0
DA:248,1
DA:249,1
DA:250,1
DA:251,1
DA:260,1
DA:263,1
DA:264,1
DA:265,1
DA:266,1
DA:267,1
DA:268,1
DA:275,0
DA:286,1
DA:296,4
LF:93
LH:20
BRDA:9,0,0,0
BRDA:16,1,0,0
BRDA:16,1,1,0
BRDA:17,2,0,0
BRDA:17,2,1,0
BRDA:31,3,0,0
BRDA:31,3,1,0
BRDA:31,4,0,0
BRDA:31,4,1,0
BRDA:31,5,0,0
BRDA:31,5,1,0
BRDA:32,6,0,0
BRDA:32,6,1,0
BRDA:33,7,0,0
BRDA:33,7,1,0
BRDA:39,8,0,0
BRDA:39,8,1,0
BRDA:39,9,0,0
BRDA:39,9,1,0
BRDA:39,10,0,0
BRDA:39,10,1,0
BRDA:40,11,0,0
BRDA:40,11,1,0
BRDA:41,12,0,0
BRDA:41,12,1,0
BRDA:52,13,0,0
BRDA:52,13,1,0
BRDA:84,14,0,0
BRDA:84,14,1,0
BRDA:91,15,0,0
BRDA:91,15,1,0
BRDA:109,16,0,0
BRDA:109,16,1,0
BRDA:136,17,0,0
BRDA:136,17,1,0
BRDA:153,18,0,0
BRDA:153,18,1,0
BRDA:156,19,0,0
BRDA:156,19,1,0
BRDA:157,20,0,0
BRDA:157,20,1,0
BRDA:164,21,0,0
BRDA:164,21,1,0
BRDA:168,22,0,0
BRDA:168,22,1,0
BRDA:188,23,0,0
BRDA:188,23,1,0
BRDA:214,24,0,0
BRDA:214,24,1,0
BRDA:265,25,0,1
BRDA:265,25,1,0
BRDA:267,26,0,1
BRDA:267,26,1,0
BRDA:267,27,0,1
BRDA:267,27,1,1
BRF:55
BRH:4
end_of_record
TN:
SF:src\treeViewProvider.ts
FN:8,(anonymous_0)
FN:71,(anonymous_1)
FN:76,(anonymous_2)
FN:80,(anonymous_3)
FN:90,(anonymous_4)
FN:106,(anonymous_5)
FN:204,(anonymous_6)
FN:207,(anonymous_7)
FN:219,(anonymous_8)
FN:222,(anonymous_9)
FN:240,(anonymous_10)
FN:243,(anonymous_11)
FN:255,(anonymous_12)
FN:277,(anonymous_13)
FN:279,(anonymous_14)
FN:298,(anonymous_15)
FN:376,(anonymous_16)
FN:394,(anonymous_17)
FN:555,(anonymous_18)
FN:567,(anonymous_19)
FN:596,(anonymous_20)
FN:614,(anonymous_21)
FNF:22
FNH:2
FNDA:1,(anonymous_0)
FNDA:1,(anonymous_1)
FNDA:0,(anonymous_2)
FNDA:0,(anonymous_3)
FNDA:0,(anonymous_4)
FNDA:0,(anonymous_5)
FNDA:0,(anonymous_6)
FNDA:0,(anonymous_7)
FNDA:0,(anonymous_8)
FNDA:0,(anonymous_9)
FNDA:0,(anonymous_10)
FNDA:0,(anonymous_11)
FNDA:0,(anonymous_12)
FNDA:0,(anonymous_13)
FNDA:0,(anonymous_14)
FNDA:0,(anonymous_15)
FNDA:0,(anonymous_16)
FNDA:0,(anonymous_17)
FNDA:0,(anonymous_18)
FNDA:0,(anonymous_19)
FNDA:0,(anonymous_20)
FNDA:0,(anonymous_21)
DA:1,1
DA:2,1
DA:3,1
DA:4,1
DA:5,1
DA:7,1
DA:9,1
DA:10,1
DA:11,1
DA:12,1
DA:13,1
DA:14,1
DA:16,1
DA:18,1
DA:20,1
DA:23,1
DA:25,1
DA:26,1
DA:28,0
DA:29,0
DA:31,0
DA:32,0
DA:34,0
DA:35,0
DA:37,0
DA:38,0
DA:42,1
DA:43,0
DA:45,1
DA:47,1
DA:48,1
DA:50,0
DA:51,0
DA:53,0
DA:54,0
DA:56,0
DA:57,0
DA:59,0
DA:65,1
DA:66,1
DA:67,1
DA:71,1
DA:72,1
DA:73,1
DA:77,0
DA:81,0
DA:83,0
DA:86,0
DA:92,0
DA:103,0
DA:107,0
DA:110,0
DA:112,0
DA:114,0
DA:116,0
DA:122,0
DA:124,0
DA:130,0
DA:132,0
DA:138,0
DA:140,0
DA:146,0
DA:148,0
DA:154,0
DA:156,0
DA:162,0
DA:165,0
DA:174,0
DA:176,0
DA:184,0
DA:186,0
DA:192,0
DA:195,0
DA:201,0
DA:205,0
DA:207,0
DA:208,0
DA:209,0
DA:212,0
DA:216,0
DA:220,0
DA:222,0
DA:223,0
DA:224,0
DA:227,0
DA:235,0
DA:241,0
DA:243,0
DA:244,0
DA:245,0
DA:248,0
DA:252,0
DA:256,0
DA:258,0
DA:259,0
DA:263,0
DA:279,0
DA:280,0
DA:281,0
DA:285,0
DA:286,0
DA:287,0
DA:291,0
DA:299,0
DA:301,0
DA:302,0
DA:303,0
DA:304,0
DA:306,0
DA:310,0
DA:313,0
DA:314,0
DA:315,0
DA:316,0
DA:317,0
DA:321,0
DA:323,0
DA:324,0
DA:328,0
DA:329,0
DA:330,0
DA:333,0
DA:338,0
DA:339,0
DA:340,0
DA:341,0
DA:346,0
DA:347,0
DA:349,0
DA:353,0
DA:355,0
DA:357,0
DA:358,0
DA:361,0
DA:363,0
DA:364,0
DA:366,0
DA:367,0
DA:369,0
DA:370,0
DA:373,0
DA:376,0
DA:377,0
DA:381,0
DA:384,0
DA:385,0
DA:387,0
DA:397,0
DA:398,0
DA:399,0
DA:401,0
DA:402,0
DA:408,0
DA:409,0
DA:410,0
DA:411,0
DA:417,0
DA:418,0
DA:423,0
DA:424,0
DA:425,0
DA:428,0
DA:440,0
DA:441,0
DA:442,0
DA:443,0
DA:447,0
DA:448,0
DA:449,0
DA:450,0
DA:451,0
DA:455,0
DA:457,0
DA:458,0
DA:459,0
DA:462,0
DA:466,0
DA:467,0
DA:468,0
DA:469,0
DA:470,0
DA:472,0
DA:475,0
DA:476,0
DA:477,0
DA:480,0
DA:487,0
DA:489,0
DA:490,0
DA:491,0
DA:493,0
DA:497,0
DA:498,0
DA:499,0
DA:500,0
DA:501,0
DA:502,0
DA:505,0
DA:506,0
DA:507,0
DA:509,0
DA:513,0
DA:516,0
DA:518,0
DA:525,0
DA:526,0
DA:527,0
DA:528,0
DA:530,0
DA:533,0
DA:534,0
DA:535,0
DA:539,0
DA:540,0
DA:542,0
DA:543,0
DA:545,0
DA:546,0
DA:548,0
DA:549,0
DA:552,0
DA:555,0
DA:556,0
DA:559,0
DA:569,0
DA:572,0
DA:573,0
DA:580,0
DA:581,0
DA:583,0
DA:586,0
DA:590,0
DA:597,0
DA:604,0
DA:605,0
DA:606,0
DA:607,0
DA:615,0
LF:238
LH:28
BRDA:12,0,0,0
BRDA:13,1,0,0
BRDA:14,2,0,0
BRDA:23,3,0,1
BRDA:23,3,1,0
BRDA:23,3,2,0
BRDA:23,3,3,0
BRDA:23,3,4,0
BRDA:42,4,0,0
BRDA:42,4,1,1
BRDA:45,5,0,1
BRDA:45,5,1,0
BRDA:45,5,2,0
BRDA:45,5,3,0
BRDA:45,5,4,0
BRDA:81,6,0,0
BRDA:81,6,1,0
BRDA:112,7,0,0
BRDA:112,7,1,0
BRDA:114,8,0,0
BRDA:114,8,1,0
BRDA:114,8,2,0
BRDA:114,8,3,0
BRDA:114,8,4,0
BRDA:114,8,5,0
BRDA:114,8,6,0
BRDA:174,9,0,0
BRDA:174,9,1,0
BRDA:174,9,2,0
BRDA:205,10,0,0
BRDA:205,10,1,0
BRDA:208,11,0,0
BRDA:208,11,1,0
BRDA:220,12,0,0
BRDA:220,12,1,0
BRDA:223,13,0,0
BRDA:223,13,1,0
BRDA:241,14,0,0
BRDA:241,14,1,0
BRDA:244,15,0,0
BRDA:244,15,1,0
BRDA:256,16,0,0
BRDA:256,16,1,0
BRDA:280,17,0,0
BRDA:280,17,1,0
BRDA:285,18,0,0
BRDA:285,18,1,0
BRDA:301,19,0,0
BRDA:301,19,1,0
BRDA:303,20,0,0
BRDA:303,20,1,0
BRDA:315,21,0,0
BRDA:315,21,1,0
BRDA:321,22,0,0
BRDA:321,22,1,0
BRDA:339,23,0,0
BRDA:339,23,1,0
BRDA:346,24,0,0
BRDA:346,24,1,0
BRDA:355,25,0,0
BRDA:355,25,1,0
BRDA:364,26,0,0
BRDA:364,26,1,0
BRDA:399,27,0,0
BRDA:399,27,1,0
BRDA:399,28,0,0
BRDA:399,28,1,0
BRDA:409,29,0,0
BRDA:409,29,1,0
BRDA:417,30,0,0
BRDA:417,30,1,0
BRDA:441,31,0,0
BRDA:441,31,1,0
BRDA:455,32,0,0
BRDA:455,32,1,0
BRDA:458,33,0,0
BRDA:458,33,1,0
BRDA:466,34,0,0
BRDA:466,34,1,0
BRDA:468,35,0,0
BRDA:468,35,1,0
BRDA:470,36,0,0
BRDA:470,36,1,0
BRDA:476,37,0,0
BRDA:476,37,1,0
BRDA:487,38,0,0
BRDA:487,38,1,0
BRDA:490,39,0,0
BRDA:490,39,1,0
BRDA:497,40,0,0
BRDA:497,40,1,0
BRDA:499,41,0,0
BRDA:499,41,1,0
BRDA:501,42,0,0
BRDA:501,42,1,0
BRDA:506,43,0,0
BRDA:506,43,1,0
BRDA:516,44,0,0
BRDA:516,44,1,0
BRDA:526,45,0,0
BRDA:526,45,1,0
BRDA:543,46,0,0
BRDA:543,46,1,0
BRDA:572,47,0,0
BRDA:572,47,1,0
BRDA:580,48,0,0
BRDA:580,48,1,0
BRDA:580,49,0,0
BRDA:580,49,1,0
BRDA:604,50,0,0
BRDA:604,50,1,0
BRDA:604,51,0,0
BRDA:604,51,1,0
BRF:113
BRH:3
end_of_record
